app/build/intermediates/manifest_merge_blame_file/debug/manifest-merger-blame-debug-report.txt
1<?xml version="1.0" encoding="utf-8"?>
2<!--
3  ~ Copyright 2019 Google Inc. All Rights Reserved.
4  ~
5  ~ Licensed under the Apache License, Version 2.0 (the "License");
6  ~ you may not use this file except in compliance with the License.
7  ~ You may obtain a copy of the License at
8  ~
9  ~ http://www.apache.org/licenses/LICENSE-2.0
10  ~
11  ~  Unless required by applicable law or agreed to in writing, software
12  ~  distributed under the License is distributed on an "AS IS" BASIS,
13  ~  WITHOUT WARRANTIES OR CONDITIONS OF ANY KIND, either express or implied.
14  ~  See the License for the specific language governing permissions and
15  ~  limitations under the License.
16  ~
17-->
18<manifest xmlns:android="http://schemas.android.com/apk/res/android"
19    package="com.google.mlkit.codelab.translate"
20    android:versionCode="1"
21    android:versionName="1.0" >
22
23    <uses-sdk
24        android:minSdkVersion="21"
24-->src\main\AndroidManifest.xml
25        android:targetSdkVersion="29" />
25-->src\main\AndroidManifest.xml
26
27    <uses-permission android:name="android.permission.CAMERA" />
27-->src\main\AndroidManifest.xml:22:5-65
27-->src\main\AndroidManifest.xml:22:22-62
28    <uses-permission android:name="android.permission.ACCESS_NETWORK_STATE" />
28-->[com.google.mlkit:translate:16.1.2] AndroidManifest.xml:7:5-79
28-->[com.google.mlkit:translate:16.1.2] AndroidManifest.xml:7:22-76
29    <uses-permission android:name="android.permission.INTERNET" />
29-->[com.google.mlkit:translate:16.1.2] AndroidManifest.xml:8:5-67
29-->[com.google.mlkit:translate:16.1.2] AndroidManifest.xml:8:22-64
30
31    <application
31-->src\main\AndroidManifest.xml:24:5-42:19
32        android:allowBackup="true"
32-->src\main\AndroidManifest.xml:25:9-35
33        android:appComponentFactory="androidx.core.app.CoreComponentFactory"
33-->[androidx.core:core:1.3.0] AndroidManifest.xml:24:18-86
34        android:debuggable="true"
35        android:icon="@mipmap/ic_launcher"
35-->src\main\AndroidManifest.xml:26:9-43
36        android:label="@string/app_name"
36-->src\main\AndroidManifest.xml:27:9-41
37        android:roundIcon="@mipmap/ic_launcher_round"
37-->src\main\AndroidManifest.xml:28:9-54
38        android:supportsRtl="true"
38-->src\main\AndroidManifest.xml:29:9-35
39        android:testOnly="true"
40        android:theme="@style/AppTheme" >
40-->src\main\AndroidManifest.xml:30:9-40
41        <activity
41-->src\main\AndroidManifest.xml:31:9-37:20
42            android:name="com.google.mlkit.codelab.translate.MainActivity"
42-->src\main\AndroidManifest.xml:31:19-47
43            android:screenOrientation="portrait" >
43-->src\main\AndroidManifest.xml:31:48-84
44            <intent-filter>
44-->src\main\AndroidManifest.xml:32:13-36:29
45                <action android:name="android.intent.action.MAIN" />
45-->src\main\AndroidManifest.xml:33:17-69
45-->src\main\AndroidManifest.xml:33:25-66
46
47                <category android:name="android.intent.category.LAUNCHER" />
47-->src\main\AndroidManifest.xml:35:17-77
47-->src\main\AndroidManifest.xml:35:27-74
48            </intent-filter>
49        </activity>
50        <!-- Automatically download the text recognition model after app install -->
51        <meta-data
51-->src\main\AndroidManifest.xml:39:9-41:35
52            android:name="com.google.ml.vision.DEPENDENCIES"
52-->src\main\AndroidManifest.xml:40:13-61
53            android:value="ocr" />
53-->src\main\AndroidManifest.xml:41:13-32
54
55        <service
55-->[com.google.android.gms:play-services-mlkit-text-recognition:16.1.3] AndroidManifest.xml:9:9-15:19
56            android:name="com.google.mlkit.common.internal.MlKitComponentDiscoveryService"
56-->[com.google.android.gms:play-services-mlkit-text-recognition:16.1.3] AndroidManifest.xml:10:13-91
57            android:directBootAware="true"
57-->[com.google.mlkit:common:17.1.1] AndroidManifest.xml:17:13-43
58            android:exported="false" >
58-->[com.google.android.gms:play-services-mlkit-text-recognition:16.1.3] AndroidManifest.xml:11:13-37
59            <meta-data
59-->[com.google.android.gms:play-services-mlkit-text-recognition:16.1.3] AndroidManifest.xml:12:13-14:85
60                android:name="com.google.firebase.components:com.google.mlkit.vision.text.internal.TextRegistrar"
60-->[com.google.android.gms:play-services-mlkit-text-recognition:16.1.3] AndroidManifest.xml:13:17-114
61                android:value="com.google.firebase.components.ComponentRegistrar" />
61-->[com.google.android.gms:play-services-mlkit-text-recognition:16.1.3] AndroidManifest.xml:14:17-82
62            <meta-data
62-->[com.google.mlkit:language-id:16.1.1] AndroidManifest.xml:11:13-13:85
63                android:name="com.google.firebase.components:com.google.mlkit.nl.languageid.LanguageIdRegistrar"
63-->[com.google.mlkit:language-id:16.1.1] AndroidManifest.xml:12:17-113
64                android:value="com.google.firebase.components.ComponentRegistrar" />
64-->[com.google.mlkit:language-id:16.1.1] AndroidManifest.xml:13:17-82
65            <meta-data
65-->[com.google.mlkit:translate:16.1.2] AndroidManifest.xml:14:13-16:85
66                android:name="com.google.firebase.components:com.google.mlkit.nl.translate.NaturalLanguageTranslateRegistrar"
66-->[com.google.mlkit:translate:16.1.2] AndroidManifest.xml:15:17-126
67                android:value="com.google.firebase.components.ComponentRegistrar" />
67-->[com.google.mlkit:translate:16.1.2] AndroidManifest.xml:16:17-82
68            <meta-data
68-->[com.google.mlkit:translate:16.1.2] AndroidManifest.xml:17:13-19:85
69                android:name="com.google.firebase.components:com.google.mlkit.nl.translate.RemoteConfigRegistrar"
69-->[com.google.mlkit:translate:16.1.2] AndroidManifest.xml:18:17-114
70                android:value="com.google.firebase.components.ComponentRegistrar" />
70-->[com.google.mlkit:translate:16.1.2] AndroidManifest.xml:19:17-82
71            <meta-data
71-->[com.google.mlkit:vision-common:16.3.0] AndroidManifest.xml:12:13-14:85
72                android:name="com.google.firebase.components:com.google.mlkit.vision.common.internal.VisionCommonRegistrar"
72-->[com.google.mlkit:vision-common:16.3.0] AndroidManifest.xml:13:17-124
73                android:value="com.google.firebase.components.ComponentRegistrar" />
73-->[com.google.mlkit:vision-common:16.3.0] AndroidManifest.xml:14:17-82
74            <meta-data
74-->[com.google.mlkit:common:17.1.1] AndroidManifest.xml:20:13-22:85
75                android:name="com.google.firebase.components:com.google.mlkit.common.internal.CommonComponentRegistrar"
75-->[com.google.mlkit:common:17.1.1] AndroidManifest.xml:21:17-120
76                android:value="com.google.firebase.components.ComponentRegistrar" />
76-->[com.google.mlkit:common:17.1.1] AndroidManifest.xml:22:17-82
77        </service>
78
79        <provider
79-->[com.google.mlkit:common:17.1.1] AndroidManifest.xml:9:9-13:38
80            android:name="com.google.mlkit.common.internal.MlKitInitProvider"
80-->[com.google.mlkit:common:17.1.1] AndroidManifest.xml:10:13-78
81            android:authorities="com.google.mlkit.codelab.translate.mlkitinitprovider"
81-->[com.google.mlkit:common:17.1.1] AndroidManifest.xml:11:13-69
82            android:exported="false"
82-->[com.google.mlkit:common:17.1.1] AndroidManifest.xml:12:13-37
83            android:initOrder="99" />
83-->[com.google.mlkit:common:17.1.1] AndroidManifest.xml:13:13-35
84
85        <activity
85-->[com.google.android.gms:play-services-base:17.4.0] AndroidManifest.xml:23:9-26:75
86            android:name="com.google.android.gms.common.api.GoogleApiActivity"
86-->[com.google.android.gms:play-services-base:17.4.0] AndroidManifest.xml:24:13-79
87            android:exported="false"
87-->[com.google.android.gms:play-services-base:17.4.0] AndroidManifest.xml:25:13-37
88            android:theme="@android:style/Theme.Translucent.NoTitleBar" />
88-->[com.google.android.gms:play-services-base:17.4.0] AndroidManifest.xml:26:13-72
89
90        <meta-data
90-->[com.google.android.gms:play-services-basement:17.4.0] AndroidManifest.xml:23:9-25:69
91            android:name="com.google.android.gms.version"
91-->[com.google.android.gms:play-services-basement:17.4.0] AndroidManifest.xml:24:13-58
92            android:value="@integer/google_play_services_version" />
92-->[com.google.android.gms:play-services-basement:17.4.0] AndroidManifest.xml:25:13-66
93
94        <provider
94-->[androidx.lifecycle:lifecycle-process:2.2.0] AndroidManifest.xml:25:9-29:43
95            android:name="androidx.lifecycle.ProcessLifecycleOwnerInitializer"
95-->[androidx.lifecycle:lifecycle-process:2.2.0] AndroidManifest.xml:26:13-79
96            android:authorities="com.google.mlkit.codelab.translate.lifecycle-process"
96-->[androidx.lifecycle:lifecycle-process:2.2.0] AndroidManifest.xml:27:13-69
97            android:exported="false"
97-->[androidx.lifecycle:lifecycle-process:2.2.0] AndroidManifest.xml:28:13-37
98            android:multiprocess="true" />
98-->[androidx.lifecycle:lifecycle-process:2.2.0] AndroidManifest.xml:29:13-40
99
100        <service
100-->[com.google.android.datatransport:transport-backend-cct:2.3.2] AndroidManifest.xml:29:9-35:19
101            android:name="com.google.android.datatransport.runtime.backends.TransportBackendDiscovery"
101-->[com.google.android.datatransport:transport-backend-cct:2.3.2] AndroidManifest.xml:30:13-103
102            android:exported="false" >
102-->[com.google.android.datatransport:transport-backend-cct:2.3.2] AndroidManifest.xml:31:13-37
103            <meta-data
103-->[com.google.android.datatransport:transport-backend-cct:2.3.2] AndroidManifest.xml:32:13-34:39
104                android:name="backend:com.google.android.datatransport.cct.CctBackendFactory"
104-->[com.google.android.datatransport:transport-backend-cct:2.3.2] AndroidManifest.xml:33:17-94
105                android:value="cct" />
105-->[com.google.android.datatransport:transport-backend-cct:2.3.2] AndroidManifest.xml:34:17-36
106        </service>
107        <service
107-->[com.google.android.datatransport:transport-runtime:2.2.5] AndroidManifest.xml:26:9-30:19
108            android:name="com.google.android.datatransport.runtime.scheduling.jobscheduling.JobInfoSchedulerService"
108-->[com.google.android.datatransport:transport-runtime:2.2.5] AndroidManifest.xml:27:13-117
109            android:exported="false"
109-->[com.google.android.datatransport:transport-runtime:2.2.5] AndroidManifest.xml:28:13-37
110            android:permission="android.permission.BIND_JOB_SERVICE" >
110-->[com.google.android.datatransport:transport-runtime:2.2.5] AndroidManifest.xml:29:13-69
111        </service>
112
113        <receiver
113-->[com.google.android.datatransport:transport-runtime:2.2.5] AndroidManifest.xml:32:9-34:40
114            android:name="com.google.android.datatransport.runtime.scheduling.jobscheduling.AlarmManagerSchedulerBroadcastReceiver"
114-->[com.google.android.datatransport:transport-runtime:2.2.5] AndroidManifest.xml:33:13-132
115            android:exported="false" />
115-->[com.google.android.datatransport:transport-runtime:2.2.5] AndroidManifest.xml:34:13-37
116    </application>
117
118</manifest>